<?xml version="1.0" encoding="UTF-8"?>
<testsuite name="com.team15.fourcuts.FourCutsApplicationTests" tests="1" skipped="0" failures="0" errors="0" timestamp="2023-07-14T15:17:46" hostname="ironprayerui-MacBookPro.local" time="0.332">
  <properties/>
  <testcase name="contextLoads()" classname="com.team15.fourcuts.FourCutsApplicationTests" time="0.332"/>
  <system-out><![CDATA[00:17:43.919 [Test worker] INFO org.springframework.test.context.support.AnnotationConfigContextLoaderUtils -- Could not detect default configuration classes for test class [com.team15.fourcuts.FourCutsApplicationTests]: FourCutsApplicationTests does not declare any static, non-private, non-final, nested classes annotated with @Configuration.
00:17:43.988 [Test worker] INFO org.springframework.boot.test.context.SpringBootTestContextBootstrapper -- Found @SpringBootConfiguration com.team15.fourcuts.FourCutsApplication for test class com.team15.fourcuts.FourCutsApplicationTests

  .   ____          _            __ _ _
 /\\ / ___'_ __ _ _(_)_ __  __ _ \ \ \ \
( ( )\___ | '_ | '_| | '_ \/ _` | \ \ \ \
 \\/  ___)| |_)| | | | | || (_| |  ) ) ) )
  '  |____| .__|_| |_|_| |_\__, | / / / /
 =========|_|==============|___/=/_/_/_/
 :: Spring Boot ::                (v3.1.1)

2023-07-15T00:17:44.264+09:00  INFO 85818 --- [    Test worker] c.t.fourcuts.FourCutsApplicationTests    : Starting FourCutsApplicationTests using Java 17.0.5 with PID 85818 (started by ironprayer in /Users/ironprayer/project/sprata/four-cuts/four-cuts-backend)
2023-07-15T00:17:44.266+09:00  INFO 85818 --- [    Test worker] c.t.fourcuts.FourCutsApplicationTests    : No active profile set, falling back to 1 default profile: "default"
2023-07-15T00:17:44.652+09:00  INFO 85818 --- [    Test worker] .s.d.r.c.RepositoryConfigurationDelegate : Bootstrapping Spring Data JPA repositories in DEFAULT mode.
2023-07-15T00:17:44.682+09:00  INFO 85818 --- [    Test worker] .s.d.r.c.RepositoryConfigurationDelegate : Finished Spring Data repository scanning in 26 ms. Found 1 JPA repository interfaces.
2023-07-15T00:17:44.919+09:00  INFO 85818 --- [    Test worker] o.hibernate.jpa.internal.util.LogHelper  : HHH000204: Processing PersistenceUnitInfo [name: default]
2023-07-15T00:17:44.972+09:00  INFO 85818 --- [    Test worker] org.hibernate.Version                    : HHH000412: Hibernate ORM core version 6.2.5.Final
2023-07-15T00:17:44.973+09:00  INFO 85818 --- [    Test worker] org.hibernate.cfg.Environment            : HHH000406: Using bytecode reflection optimizer
2023-07-15T00:17:45.049+09:00  INFO 85818 --- [    Test worker] o.h.b.i.BytecodeProviderInitiator        : HHH000021: Bytecode provider name : bytebuddy
2023-07-15T00:17:45.139+09:00  INFO 85818 --- [    Test worker] o.s.o.j.p.SpringPersistenceUnitInfo      : No LoadTimeWeaver setup: ignoring JPA class transformer
2023-07-15T00:17:45.152+09:00  INFO 85818 --- [    Test worker] com.zaxxer.hikari.HikariDataSource       : HikariPool-1 - Starting...
2023-07-15T00:17:45.387+09:00  INFO 85818 --- [    Test worker] com.zaxxer.hikari.pool.HikariPool        : HikariPool-1 - Added connection com.mysql.cj.jdbc.ConnectionImpl@4a2e1e52
2023-07-15T00:17:45.388+09:00  INFO 85818 --- [    Test worker] com.zaxxer.hikari.HikariDataSource       : HikariPool-1 - Start completed.
2023-07-15T00:17:45.521+09:00  INFO 85818 --- [    Test worker] o.h.b.i.BytecodeProviderInitiator        : HHH000021: Bytecode provider name : bytebuddy
2023-07-15T00:17:45.865+09:00  INFO 85818 --- [    Test worker] o.h.e.t.j.p.i.JtaPlatformInitiator       : HHH000490: Using JtaPlatform implementation: [org.hibernate.engine.transaction.jta.platform.internal.NoJtaPlatform]
Hibernate: 
    alter table post 
       modify column created_at  datetime(6)
Hibernate: 
    alter table post 
       modify column modified_at  datetime(6)
2023-07-15T00:17:45.912+09:00  INFO 85818 --- [    Test worker] j.LocalContainerEntityManagerFactoryBean : Initialized JPA EntityManagerFactory for persistence unit 'default'
2023-07-15T00:17:46.092+09:00  WARN 85818 --- [    Test worker] JpaBaseConfiguration$JpaWebConfiguration : spring.jpa.open-in-view is enabled by default. Therefore, database queries may be performed during view rendering. Explicitly configure spring.jpa.open-in-view to disable this warning
2023-07-15T00:17:46.423+09:00  INFO 85818 --- [    Test worker] c.t.fourcuts.FourCutsApplicationTests    : Started FourCutsApplicationTests in 2.322 seconds (process running for 3.102)
]]></system-out>
  <system-err><![CDATA[]]></system-err>
</testsuite>
